# JRE version: Java(TM) SE Runtime Environment (8.0_261-b12) (build 1.8.0_261-b12)
# Java VM: Java HotSpot(TM) 64-Bit Server VM (25.261-b12 mixed mode windows-amd64 compressed oops)
Heap:
 PSYoungGen      total 76288K, used 18433K [0x000000076b400000, 0x0000000770900000, 0x00000007c0000000)
  eden space 65536K, 11% used [0x000000076b400000,0x000000076bb83d50,0x000000076f400000)
  from space 10752K, 99% used [0x000000076fe80000,0x00000007708fc948,0x0000000770900000)
  to   space 10752K, 0% used [0x000000076f400000,0x000000076f400000,0x000000076fe80000)
 ParOldGen       total 80384K, used 6545K [0x00000006c1c00000, 0x00000006c6a80000, 0x000000076b400000)
  object space 80384K, 8% used [0x00000006c1c00000,0x00000006c2264418,0x00000006c6a80000)
 Metaspace       used 26590K, capacity 28414K, committed 28672K, reserved 1075200K
  class space    used 3274K, capacity 3798K, committed 3840K, reserved 1048576K
GC Heap History (10 events):
Event: 6.092 GC heap before
{Heap before GC invocations=1 (full 0):
 PSYoungGen      total 76288K, used 65536K [0x000000076b400000, 0x0000000770900000, 0x00000007c0000000)
  eden space 65536K, 100% used [0x000000076b400000,0x000000076f400000,0x000000076f400000)
  from space 10752K, 0% used [0x000000076fe80000,0x000000076fe80000,0x0000000770900000)
  to   space 10752K, 0% used [0x000000076f400000,0x000000076f400000,0x000000076fe80000)
 ParOldGen       total 175104K, used 0K [0x00000006c1c00000, 0x00000006cc700000, 0x000000076b400000)
  object space 175104K, 0% used [0x00000006c1c00000,0x00000006c1c00000,0x00000006cc700000)
 Metaspace       used 17542K, capacity 18372K, committed 18560K, reserved 1064960K
  class space    used 2096K, capacity 2308K, committed 2432K, reserved 1048576K
Event: 6.129 GC heap after
Heap after GC invocations=1 (full 0):
 PSYoungGen      total 76288K, used 10730K [0x000000076b400000, 0x0000000770900000, 0x00000007c0000000)
  eden space 65536K, 0% used [0x000000076b400000,0x000000076b400000,0x000000076f400000)
  from space 10752K, 99% used [0x000000076f400000,0x000000076fe7abd0,0x000000076fe80000)
  to   space 10752K, 0% used [0x000000076fe80000,0x000000076fe80000,0x0000000770900000)
 ParOldGen       total 175104K, used 1427K [0x00000006c1c00000, 0x00000006cc700000, 0x000000076b400000)
  object space 175104K, 0% used [0x00000006c1c00000,0x00000006c1d64cb8,0x00000006cc700000)
 Metaspace       used 17542K, capacity 18372K, committed 18560K, reserved 1064960K
  class space    used 2096K, capacity 2308K, committed 2432K, reserved 1048576K
}
Event: 6.430 GC heap before
{Heap before GC invocations=2 (full 0):
 PSYoungGen      total 76288K, used 18960K [0x000000076b400000, 0x0000000770900000, 0x00000007c0000000)
  eden space 65536K, 12% used [0x000000076b400000,0x000000076bc094f0,0x000000076f400000)
  from space 10752K, 99% used [0x000000076f400000,0x000000076fe7abd0,0x000000076fe80000)
  to   space 10752K, 0% used [0x000000076fe80000,0x000000076fe80000,0x0000000770900000)
 ParOldGen       total 175104K, used 1427K [0x00000006c1c00000, 0x00000006cc700000, 0x000000076b400000)
  object space 175104K, 0% used [0x00000006c1c00000,0x00000006c1d64cb8,0x00000006cc700000)
 Metaspace       used 18539K, capacity 19268K, committed 19328K, reserved 1067008K
  class space    used 2239K, capacity 2410K, committed 2432K, reserved 1048576K
Event: 6.470 GC heap after
Heap after GC invocations=2 (full 0):
 PSYoungGen      total 76288K, used 5775K [0x000000076b400000, 0x0000000770900000, 0x00000007c0000000)
  eden space 65536K, 0% used [0x000000076b400000,0x000000076b400000,0x000000076f400000)
  from space 10752K, 53% used [0x000000076fe80000,0x0000000770423c98,0x0000000770900000)
  to   space 10752K, 0% used [0x000000076f400000,0x000000076f400000,0x000000076fe80000)
 ParOldGen       total 175104K, used 1435K [0x00000006c1c00000, 0x00000006cc700000, 0x000000076b400000)
  object space 175104K, 0% used [0x00000006c1c00000,0x00000006c1d66cb8,0x00000006cc700000)
 Metaspace       used 18539K, capacity 19268K, committed 19328K, reserved 1067008K
  class space    used 2239K, capacity 2410K, committed 2432K, reserved 1048576K
}
Event: 6.470 GC heap before
{Heap before GC invocations=3 (full 1):
 PSYoungGen      total 76288K, used 5775K [0x000000076b400000, 0x0000000770900000, 0x00000007c0000000)
  eden space 65536K, 0% used [0x000000076b400000,0x000000076b400000,0x000000076f400000)
  from space 10752K, 53% used [0x000000076fe80000,0x0000000770423c98,0x0000000770900000)
  to   space 10752K, 0% used [0x000000076f400000,0x000000076f400000,0x000000076fe80000)
 ParOldGen       total 175104K, used 1435K [0x00000006c1c00000, 0x00000006cc700000, 0x000000076b400000)
  object space 175104K, 0% used [0x00000006c1c00000,0x00000006c1d66cb8,0x00000006cc700000)
 Metaspace       used 18539K, capacity 19268K, committed 19328K, reserved 1067008K
  class space    used 2239K, capacity 2410K, committed 2432K, reserved 1048576K
Event: 6.516 GC heap after
Heap after GC invocations=3 (full 1):
 PSYoungGen      total 76288K, used 0K [0x000000076b400000, 0x0000000770900000, 0x00000007c0000000)
  eden space 65536K, 0% used [0x000000076b400000,0x000000076b400000,0x000000076f400000)
  from space 10752K, 0% used [0x000000076fe80000,0x000000076fe80000,0x0000000770900000)
  to   space 10752K, 0% used [0x000000076f400000,0x000000076f400000,0x000000076fe80000)
 ParOldGen       total 80384K, used 5653K [0x00000006c1c00000, 0x00000006c6a80000, 0x000000076b400000)
  object space 80384K, 7% used [0x00000006c1c00000,0x00000006c21857b0,0x00000006c6a80000)
 Metaspace       used 18539K, capacity 19268K, committed 19328K, reserved 1067008K
  class space    used 2239K, capacity 2410K, committed 2432K, reserved 1048576K
}
Event: 10.651 GC heap before
{Heap before GC invocations=4 (full 1):
 PSYoungGen      total 76288K, used 65536K [0x000000076b400000, 0x0000000770900000, 0x00000007c0000000)
  eden space 65536K, 100% used [0x000000076b400000,0x000000076f400000,0x000000076f400000)
  from space 10752K, 0% used [0x000000076fe80000,0x000000076fe80000,0x0000000770900000)
  to   space 10752K, 0% used [0x000000076f400000,0x000000076f400000,0x000000076fe80000)
 ParOldGen       total 80384K, used 5653K [0x00000006c1c00000, 0x00000006c6a80000, 0x000000076b400000)
  object space 80384K, 7% used [0x00000006c1c00000,0x00000006c21857b0,0x00000006c6a80000)
 Metaspace       used 22546K, capacity 23970K, committed 24064K, reserved 1071104K
  class space    used 2703K, capacity 3042K, committed 3072K, reserved 1048576K
Event: 10.697 GC heap after
Heap after GC invocations=4 (full 1):
 PSYoungGen      total 76288K, used 7423K [0x000000076b400000, 0x0000000770900000, 0x00000007c0000000)
  eden space 65536K, 0% used [0x000000076b400000,0x000000076b400000,0x000000076f400000)
  from space 10752K, 69% used [0x000000076f400000,0x000000076fb3fca8,0x000000076fe80000)
  to   space 10752K, 0% used [0x000000076fe80000,0x000000076fe80000,0x0000000770900000)
 ParOldGen       total 80384K, used 5653K [0x00000006c1c00000, 0x00000006c6a80000, 0x000000076b400000)
  object space 80384K, 7% used [0x00000006c1c00000,0x00000006c21857b0,0x00000006c6a80000)
 Metaspace       used 22546K, capacity 23970K, committed 24064K, reserved 1071104K
  class space    used 2703K, capacity 3042K, committed 3072K, reserved 1048576K
}
Event: 16.000 GC heap before
{Heap before GC invocations=5 (full 1):
 PSYoungGen      total 76288K, used 72959K [0x000000076b400000, 0x0000000770900000, 0x00000007c0000000)
  eden space 65536K, 100% used [0x000000076b400000,0x000000076f400000,0x000000076f400000)
  from space 10752K, 69% used [0x000000076f400000,0x000000076fb3fca8,0x000000076fe80000)
  to   space 10752K, 0% used [0x000000076fe80000,0x000000076fe80000,0x0000000770900000)
 ParOldGen       total 80384K, used 5653K [0x00000006c1c00000, 0x00000006c6a80000, 0x000000076b400000)
  object space 80384K, 7% used [0x00000006c1c00000,0x00000006c21857b0,0x00000006c6a80000)
 Metaspace       used 26076K, capacity 27854K, committed 28160K, reserved 1073152K
  class space    used 3185K, capacity 3719K, committed 3840K, reserved 1048576K
Event: 16.060 GC heap after
Heap after GC invocations=5 (full 1):
 PSYoungGen      total 76288K, used 10738K [0x000000076b400000, 0x0000000770900000, 0x00000007c0000000)
  eden space 65536K, 0% used [0x000000076b400000,0x000000076b400000,0x000000076f400000)
  from space 10752K, 99% used [0x000000076fe80000,0x00000007708fc948,0x0000000770900000)
  to   space 10752K, 0% used [0x000000076f400000,0x000000076f400000,0x000000076fe80000)
 ParOldGen       total 80384K, used 6545K [0x00000006c1c00000, 0x00000006c6a80000, 0x000000076b400000)
  object space 80384K, 8% used [0x00000006c1c00000,0x00000006c2264418,0x00000006c6a80000)
 Metaspace       used 26076K, capacity 27854K, committed 28160K, reserved 1073152K
  class space    used 3185K, capacity 3719K, committed 3840K, reserved 1048576K
}

