# JRE version: Java(TM) SE Runtime Environment (8.0_261-b12) (build 1.8.0_261-b12)
# Java VM: Java HotSpot(TM) 64-Bit Server VM (25.261-b12 mixed mode windows-amd64 compressed oops)
Heap:
 PSYoungGen      total 113152K, used 18387K [0x000000076b400000, 0x0000000776e00000, 0x00000007c0000000)
  eden space 102400K, 17% used [0x000000076b400000,0x000000076c5f4f00,0x0000000771800000)
  from space 10752K, 0% used [0x0000000771800000,0x0000000771800000,0x0000000772280000)
  to   space 18944K, 0% used [0x0000000775b80000,0x0000000775b80000,0x0000000776e00000)
 ParOldGen       total 175616K, used 22279K [0x00000006c1c00000, 0x00000006cc780000, 0x000000076b400000)
  object space 175616K, 12% used [0x00000006c1c00000,0x00000006c31c1c28,0x00000006cc780000)
 Metaspace       used 34317K, capacity 36616K, committed 36904K, reserved 1081344K
  class space    used 4450K, capacity 5102K, committed 5160K, reserved 1048576K
GC Heap History (10 events):
Event: 3.641 GC heap before
{Heap before GC invocations=3 (full 1):
 PSYoungGen      total 76288K, used 7617K [0x000000076b400000, 0x0000000774900000, 0x00000007c0000000)
  eden space 65536K, 0% used [0x000000076b400000,0x000000076b400000,0x000000076f400000)
  from space 10752K, 70% used [0x000000076fe80000,0x00000007705f0678,0x0000000770900000)
  to   space 10752K, 0% used [0x000000076f400000,0x000000076f400000,0x000000076fe80000)
 ParOldGen       total 175104K, used 1563K [0x00000006c1c00000, 0x00000006cc700000, 0x000000076b400000)
  object space 175104K, 0% used [0x00000006c1c00000,0x00000006c1d86f20,0x00000006cc700000)
 Metaspace       used 20399K, capacity 21218K, committed 21296K, reserved 1069056K
  class space    used 2379K, capacity 2586K, committed 2608K, reserved 1048576K
Event: 3.677 GC heap after
Heap after GC invocations=3 (full 1):
 PSYoungGen      total 76288K, used 0K [0x000000076b400000, 0x0000000774900000, 0x00000007c0000000)
  eden space 65536K, 0% used [0x000000076b400000,0x000000076b400000,0x000000076f400000)
  from space 10752K, 0% used [0x000000076fe80000,0x000000076fe80000,0x0000000770900000)
  to   space 10752K, 0% used [0x000000076f400000,0x000000076f400000,0x000000076fe80000)
 ParOldGen       total 104960K, used 7425K [0x00000006c1c00000, 0x00000006c8280000, 0x000000076b400000)
  object space 104960K, 7% used [0x00000006c1c00000,0x00000006c2340660,0x00000006c8280000)
 Metaspace       used 20397K, capacity 21212K, committed 21296K, reserved 1069056K
  class space    used 2378K, capacity 2584K, committed 2608K, reserved 1048576K
}
Event: 4.612 GC heap before
{Heap before GC invocations=4 (full 1):
 PSYoungGen      total 76288K, used 65536K [0x000000076b400000, 0x0000000774900000, 0x00000007c0000000)
  eden space 65536K, 100% used [0x000000076b400000,0x000000076f400000,0x000000076f400000)
  from space 10752K, 0% used [0x000000076fe80000,0x000000076fe80000,0x0000000770900000)
  to   space 10752K, 0% used [0x000000076f400000,0x000000076f400000,0x000000076fe80000)
 ParOldGen       total 104960K, used 7425K [0x00000006c1c00000, 0x00000006c8280000, 0x000000076b400000)
  object space 104960K, 7% used [0x00000006c1c00000,0x00000006c2340660,0x00000006c8280000)
 Metaspace       used 22551K, capacity 23952K, committed 24112K, reserved 1071104K
  class space    used 2706K, capacity 3040K, committed 3120K, reserved 1048576K
Event: 4.626 GC heap after
Heap after GC invocations=4 (full 1):
 PSYoungGen      total 76288K, used 5723K [0x000000076b400000, 0x0000000772d00000, 0x00000007c0000000)
  eden space 65536K, 0% used [0x000000076b400000,0x000000076b400000,0x000000076f400000)
  from space 10752K, 53% used [0x000000076f400000,0x000000076f996e40,0x000000076fe80000)
  to   space 10752K, 0% used [0x0000000772280000,0x0000000772280000,0x0000000772d00000)
 ParOldGen       total 104960K, used 7425K [0x00000006c1c00000, 0x00000006c8280000, 0x000000076b400000)
  object space 104960K, 7% used [0x00000006c1c00000,0x00000006c2340660,0x00000006c8280000)
 Metaspace       used 22551K, capacity 23952K, committed 24112K, reserved 1071104K
  class space    used 2706K, capacity 3040K, committed 3120K, reserved 1048576K
}
Event: 8.993 GC heap before
{Heap before GC invocations=5 (full 1):
 PSYoungGen      total 76288K, used 71259K [0x000000076b400000, 0x0000000772d00000, 0x00000007c0000000)
  eden space 65536K, 100% used [0x000000076b400000,0x000000076f400000,0x000000076f400000)
  from space 10752K, 53% used [0x000000076f400000,0x000000076f996e40,0x000000076fe80000)
  to   space 10752K, 0% used [0x0000000772280000,0x0000000772280000,0x0000000772d00000)
 ParOldGen       total 104960K, used 7425K [0x00000006c1c00000, 0x00000006c8280000, 0x000000076b400000)
  object space 104960K, 7% used [0x00000006c1c00000,0x00000006c2340660,0x00000006c8280000)
 Metaspace       used 26597K, capacity 28392K, committed 28720K, reserved 1075200K
  class space    used 3267K, capacity 3796K, committed 3888K, reserved 1048576K
Event: 9.011 GC heap after
Heap after GC invocations=5 (full 1):
 PSYoungGen      total 110592K, used 10725K [0x000000076b400000, 0x0000000772d00000, 0x00000007c0000000)
  eden space 99840K, 0% used [0x000000076b400000,0x000000076b400000,0x0000000771580000)
  from space 10752K, 99% used [0x0000000772280000,0x0000000772cf95e8,0x0000000772d00000)
  to   space 10752K, 0% used [0x0000000771800000,0x0000000771800000,0x0000000772280000)
 ParOldGen       total 104960K, used 8210K [0x00000006c1c00000, 0x00000006c8280000, 0x000000076b400000)
  object space 104960K, 7% used [0x00000006c1c00000,0x00000006c2404ba8,0x00000006c8280000)
 Metaspace       used 26597K, capacity 28392K, committed 28720K, reserved 1075200K
  class space    used 3267K, capacity 3796K, committed 3888K, reserved 1048576K
}
Event: 10.936 GC heap before
{Heap before GC invocations=6 (full 1):
 PSYoungGen      total 110592K, used 85875K [0x000000076b400000, 0x0000000772d00000, 0x00000007c0000000)
  eden space 99840K, 75% used [0x000000076b400000,0x000000076fd637a0,0x0000000771580000)
  from space 10752K, 99% used [0x0000000772280000,0x0000000772cf95e8,0x0000000772d00000)
  to   space 10752K, 0% used [0x0000000771800000,0x0000000771800000,0x0000000772280000)
 ParOldGen       total 104960K, used 8210K [0x00000006c1c00000, 0x00000006c8280000, 0x000000076b400000)
  object space 104960K, 7% used [0x00000006c1c00000,0x00000006c2404ba8,0x00000006c8280000)
 Metaspace       used 33383K, capacity 35390K, committed 35496K, reserved 1079296K
  class space    used 4344K, capacity 4936K, committed 5032K, reserved 1048576K
Event: 10.961 GC heap after
Heap after GC invocations=6 (full 1):
 PSYoungGen      total 113152K, used 10742K [0x000000076b400000, 0x0000000776e00000, 0x00000007c0000000)
  eden space 102400K, 0% used [0x000000076b400000,0x000000076b400000,0x0000000771800000)
  from space 10752K, 99% used [0x0000000771800000,0x000000077227db90,0x0000000772280000)
  to   space 18944K, 0% used [0x0000000775b80000,0x0000000775b80000,0x0000000776e00000)
 ParOldGen       total 104960K, used 14083K [0x00000006c1c00000, 0x00000006c8280000, 0x000000076b400000)
  object space 104960K, 13% used [0x00000006c1c00000,0x00000006c29c0d60,0x00000006c8280000)
 Metaspace       used 33383K, capacity 35390K, committed 35496K, reserved 1079296K
  class space    used 4344K, capacity 4936K, committed 5032K, reserved 1048576K
}
Event: 10.961 GC heap before
{Heap before GC invocations=7 (full 2):
 PSYoungGen      total 113152K, used 10742K [0x000000076b400000, 0x0000000776e00000, 0x00000007c0000000)
  eden space 102400K, 0% used [0x000000076b400000,0x000000076b400000,0x0000000771800000)
  from space 10752K, 99% used [0x0000000771800000,0x000000077227db90,0x0000000772280000)
  to   space 18944K, 0% used [0x0000000775b80000,0x0000000775b80000,0x0000000776e00000)
 ParOldGen       total 104960K, used 14083K [0x00000006c1c00000, 0x00000006c8280000, 0x000000076b400000)
  object space 104960K, 13% used [0x00000006c1c00000,0x00000006c29c0d60,0x00000006c8280000)
 Metaspace       used 33383K, capacity 35390K, committed 35496K, reserved 1079296K
  class space    used 4344K, capacity 4936K, committed 5032K, reserved 1048576K
Event: 11.117 GC heap after
Heap after GC invocations=7 (full 2):
 PSYoungGen      total 113152K, used 0K [0x000000076b400000, 0x0000000776e00000, 0x00000007c0000000)
  eden space 102400K, 0% used [0x000000076b400000,0x000000076b400000,0x0000000771800000)
  from space 10752K, 0% used [0x0000000771800000,0x0000000771800000,0x0000000772280000)
  to   space 18944K, 0% used [0x0000000775b80000,0x0000000775b80000,0x0000000776e00000)
 ParOldGen       total 175616K, used 22279K [0x00000006c1c00000, 0x00000006cc780000, 0x000000076b400000)
  object space 175616K, 12% used [0x00000006c1c00000,0x00000006c31c1c28,0x00000006cc780000)
 Metaspace       used 33383K, capacity 35390K, committed 35496K, reserved 1079296K
  class space    used 4344K, capacity 4936K, committed 5032K, reserved 1048576K
}

